epoch,loss,val_loss
0,507.3932800292969,508.9620056152344
1,494.45758056640625,494.8707580566406
2,480.26068115234375,478.9472351074219
3,464.130126953125,460.92169189453125
4,445.60711669921875,439.9290466308594
5,423.9770812988281,415.6959533691406
6,399.5262145996094,388.7325134277344
7,372.8666076660156,360.0953369140625
8,345.1931457519531,330.9017639160156
9,317.4120178222656,301.77557373046875
10,289.9981384277344,273.4605407714844
11,263.57171630859375,246.31846618652344
12,238.4681854248047,220.98793029785156
13,215.11712646484375,197.71278381347656
14,193.7575225830078,176.69692993164062
15,174.58734130859375,158.13970947265625
16,157.8894805908203,141.74903869628906
17,143.4314422607422,128.2388153076172
18,131.39942932128906,116.82410430908203
19,121.43771362304688,107.67314910888672
20,113.55624389648438,100.62410736083984
21,107.55132293701172,95.23331451416016
22,103.04301452636719,91.31077575683594
23,99.76399230957031,88.47479248046875
24,97.39747619628906,86.46109771728516
25,95.69259643554688,85.05187225341797
26,94.49476623535156,84.00238800048828
27,93.6167221069336,83.28113555908203
28,92.9972152709961,82.74763488769531
29,92.53453826904297,82.36079406738281
30,92.18411254882812,82.0565185546875
31,91.91459655761719,81.83100128173828
32,91.70512390136719,81.6606216430664
33,91.54554748535156,81.49620819091797
34,91.40117645263672,81.38445281982422
35,91.27521514892578,81.2767333984375
36,91.16670989990234,81.17987060546875
37,91.07168579101562,81.09098815917969
38,90.98009490966797,81.00082397460938
39,90.88973999023438,80.92111206054688
40,90.80660247802734,80.8457260131836
41,90.720703125,80.77127838134766
42,90.64561462402344,80.69710540771484
43,90.56993103027344,80.62179565429688
44,90.49455261230469,80.54473876953125
45,90.41625213623047,80.47020721435547
46,90.32703399658203,80.39753723144531
47,90.25023651123047,80.3228988647461
48,90.16938781738281,80.24620819091797
49,90.09033966064453,80.17000579833984
50,90.01705932617188,80.09232330322266
51,89.93069458007812,80.00980377197266
52,89.84039306640625,79.92752838134766
53,89.75977325439453,79.84320068359375
54,89.67662811279297,79.75858306884766
55,89.57704162597656,79.675048828125
56,89.4891586303711,79.58987426757812
57,89.39997100830078,79.50221252441406
58,89.31369018554688,79.41329956054688
59,89.21690368652344,79.32453918457031
60,89.1156997680664,79.23402404785156
61,89.02567291259766,79.14613342285156
62,88.93132781982422,79.0467758178711
63,88.82876586914062,78.95040130615234
64,88.72723388671875,78.84490966796875
65,88.61509704589844,78.75284576416016
66,88.5133285522461,78.62578582763672
67,88.35640716552734,78.48221588134766
68,88.22335815429688,78.35041809082031
69,88.09484100341797,78.21763610839844
70,87.95808410644531,78.08489990234375
71,87.8055191040039,77.95716094970703
72,87.67816925048828,77.82123565673828
73,87.52820587158203,77.68647003173828
74,87.38667297363281,77.55350494384766
75,87.25238037109375,77.41893005371094
76,87.09759521484375,77.27265167236328
77,86.93939971923828,77.10262298583984
78,86.77452850341797,76.9560317993164
79,86.61324310302734,76.80353546142578
80,86.44882202148438,76.64846801757812
81,86.29663848876953,76.49446868896484
82,86.13469696044922,76.34629821777344
83,85.98129272460938,76.19507598876953
84,85.8206787109375,76.04170227050781
85,85.65635681152344,75.89837646484375
86,85.50154113769531,75.74801635742188
87,85.35025024414062,75.59764862060547
88,85.20252227783203,75.45368194580078
89,85.04448699951172,75.31712341308594
90,84.8919448852539,75.17145538330078
91,84.743408203125,75.03287506103516
92,84.59941864013672,74.90180969238281
93,84.4664077758789,74.77300262451172
94,84.32351684570312,74.64331817626953
95,84.19537353515625,74.530029296875
96,84.06122589111328,74.39766693115234
97,83.93000030517578,74.28397369384766
98,83.81959533691406,74.16547393798828
99,83.69217681884766,74.05257415771484
100,83.5769271850586,73.9487533569336
101,83.45758056640625,73.83997344970703
102,83.3519058227539,73.7403335571289
103,83.23573303222656,73.64088439941406
104,83.14421844482422,73.53385162353516
105,83.04217529296875,73.44537353515625
106,82.93968200683594,73.35393524169922
107,82.82402038574219,73.26424407958984
108,82.7481689453125,73.1800765991211
109,82.6363296508789,73.10546875
110,82.54913330078125,73.0125732421875
111,82.46687316894531,72.93053436279297
112,82.37069702148438,72.84526062011719
113,82.30035400390625,72.7717056274414
114,82.2105484008789,72.69771575927734
115,82.11886596679688,72.62612915039062
116,82.0379409790039,72.55339813232422
117,81.96149444580078,72.48599243164062
118,81.88802337646484,72.42256164550781
119,81.80851745605469,72.35584259033203
120,81.75128173828125,72.29436492919922
121,81.68136596679688,72.22703552246094
122,81.59391784667969,72.1683349609375
123,81.53105163574219,72.110595703125
124,81.4765625,72.06173706054688
125,81.40573120117188,72.0051040649414
126,81.34903717041016,71.9554214477539
127,81.33228302001953,71.90127563476562
128,81.22738647460938,71.8536376953125
129,81.17035675048828,71.80156707763672
130,81.12057495117188,71.75926208496094
131,81.04849243164062,71.72175598144531
132,81.00798034667969,71.67244720458984
133,80.95343017578125,71.63336944580078
134,80.89998626708984,71.59255981445312
135,80.84024810791016,71.55140686035156
136,80.80268859863281,71.50718688964844
137,80.74357604980469,71.47705078125
138,80.6968002319336,71.43280029296875
139,80.66459655761719,71.39298248291016
140,80.61308288574219,71.35735321044922
141,80.5561752319336,71.31916046142578
142,80.52703857421875,71.28710174560547
143,80.47258758544922,71.25482940673828
144,80.42545318603516,71.2091064453125
145,80.41361999511719,71.18619537353516
146,80.35724639892578,71.1476058959961
147,80.3040771484375,71.11132049560547
148,80.27658081054688,71.08865356445312
149,80.23759460449219,71.06510162353516
150,80.20121765136719,71.02550506591797
151,80.16752624511719,70.99823760986328
152,80.14775085449219,70.96775817871094
153,80.08157348632812,70.93424987792969
154,80.04145812988281,70.90283966064453
155,80.00611877441406,70.88094329833984
156,79.98603057861328,70.85578918457031
157,79.9634017944336,70.82286834716797
158,79.92367553710938,70.80345916748047
159,79.89295196533203,70.76653289794922
160,79.83618927001953,70.7487564086914
161,79.8289794921875,70.73206329345703
162,79.7843246459961,70.6994400024414
163,79.75282287597656,70.66610717773438
164,79.72935485839844,70.63668823242188
165,79.70316314697266,70.6139907836914
166,79.65264129638672,70.58704376220703
167,79.63397979736328,70.57086181640625
168,79.60919189453125,70.53718566894531
169,79.56109619140625,70.5134506225586
170,79.53791046142578,70.48942565917969
171,79.5219497680664,70.46714782714844
172,79.48717498779297,70.43114471435547
173,79.45932006835938,70.4167709350586
174,79.45281219482422,70.38337707519531
175,79.41890716552734,70.3674545288086
176,79.3829345703125,70.34480285644531
177,79.36524200439453,70.32662200927734
178,79.35449981689453,70.30474853515625
179,79.32008361816406,70.27375030517578
180,79.28558349609375,70.24430084228516
181,79.25370788574219,70.22893524169922
182,79.2255630493164,70.19578552246094
183,79.2026596069336,70.18663024902344
184,79.20722198486328,70.16407775878906
185,79.1629638671875,70.1261215209961
186,79.15280151367188,70.109375
187,79.13004302978516,70.09139251708984
188,79.08671569824219,70.07063293457031
189,79.0641860961914,70.0494155883789
190,79.03712463378906,70.028076171875
191,79.03221893310547,70.0141372680664
192,79.00350952148438,69.98423767089844
193,78.99161529541016,69.97465515136719
194,78.96041107177734,69.95867919921875
195,78.94226837158203,69.927001953125
196,78.9227066040039,69.91064453125
197,78.8912582397461,69.89080047607422
198,78.88211822509766,69.8708267211914
199,78.85840606689453,69.86444854736328
200,78.83938598632812,69.83051300048828
201,78.81593322753906,69.8183822631836
202,78.80276489257812,69.79396057128906
203,78.79310607910156,69.80221557617188
204,78.76354217529297,69.76453399658203
205,78.74586486816406,69.74147033691406
206,78.7510757446289,69.73052215576172
207,78.70166015625,69.70506286621094
208,78.68942260742188,69.69283294677734
209,78.6763687133789,69.6819076538086
210,78.64315032958984,69.66461944580078
211,78.6385269165039,69.63700866699219
212,78.60747528076172,69.62267303466797
213,78.58998107910156,69.61229705810547
214,78.56813049316406,69.58490753173828
215,78.54276275634766,69.55907440185547
216,78.53852081298828,69.5396728515625
217,78.52469635009766,69.52558135986328
218,78.49274444580078,69.49846649169922
219,78.46974182128906,69.48667907714844
220,78.45721435546875,69.45970153808594
221,78.430419921875,69.45278930664062
222,78.44500732421875,69.4259262084961
223,78.40463256835938,69.41729736328125
224,78.38262939453125,69.39322662353516
225,78.34943389892578,69.3707275390625
226,78.33878326416016,69.35572814941406
227,78.31825256347656,69.3313980102539
228,78.29723358154297,69.31028747558594
229,78.26983642578125,69.29795837402344
230,78.26532745361328,69.28177642822266
231,78.23872375488281,69.2578353881836
232,78.23680877685547,69.23934173583984
233,78.21864318847656,69.22311401367188
234,78.17809295654297,69.20198059082031
235,78.17155456542969,69.17955780029297
236,78.1646499633789,69.16029357910156
237,78.1375503540039,69.14012908935547
238,78.12445068359375,69.1346435546875
239,78.10254669189453,69.11084747314453
240,78.07367706298828,69.0877685546875
241,78.06926727294922,69.06614685058594
242,78.03105163574219,69.06221008300781
243,78.02615356445312,69.03103637695312
244,77.99748992919922,69.0318603515625
245,77.98672485351562,68.99203491210938
246,77.95165252685547,68.9774169921875
247,77.94808197021484,68.97079467773438
248,77.93323516845703,68.949951171875
249,77.91277313232422,68.92891693115234
