epoch,loss,val_loss
0,6023.44580078125,5849.58154296875
1,5777.5615234375,5570.07568359375
2,5451.619140625,5191.24365234375
3,5020.09521484375,4695.32421875
4,4460.51416015625,4074.041748046875
5,3791.02978515625,3377.463134765625
6,3096.64208984375,2704.40673828125
7,2462.01953125,2125.175048828125
8,1945.6395263671875,1683.477783203125
9,1557.822265625,1364.6104736328125
10,1297.4786376953125,1157.6431884765625
11,1125.6505126953125,1020.3468627929688
12,1008.3306884765625,920.0540771484375
13,917.6129760742188,835.1620483398438
14,841.7173461914062,766.4772338867188
15,780.6793823242188,710.58203125
16,731.8591918945312,667.5241088867188
17,694.1596069335938,634.205810546875
18,666.1492919921875,609.6015014648438
19,644.921142578125,590.4746704101562
20,629.234130859375,576.3289794921875
21,616.6492309570312,564.5888671875
22,606.663330078125,555.1363525390625
23,598.23095703125,547.46240234375
24,591.4203491210938,540.9990234375
25,585.1383056640625,535.3353271484375
26,579.8167114257812,529.9259033203125
27,574.4906005859375,525.112060546875
28,569.677490234375,520.5805053710938
29,565.4998168945312,516.7964477539062
30,561.54296875,512.9649658203125
31,557.5059204101562,509.1409606933594
32,553.525146484375,505.4576110839844
33,549.9306030273438,501.9206237792969
34,546.2838745117188,498.59869384765625
35,542.934326171875,495.46820068359375
36,539.161865234375,492.1109924316406
37,535.7025146484375,489.1977844238281
38,532.3380737304688,486.0332946777344
39,529.1138305664062,482.95391845703125
40,525.621337890625,479.8830871582031
41,522.2032470703125,476.7457275390625
42,518.838623046875,473.7118225097656
43,515.7147216796875,471.0873718261719
44,512.4298706054688,468.1701354980469
45,509.2165222167969,465.2236328125
46,506.0724182128906,462.33160400390625
47,502.8239440917969,459.51947021484375
48,500.1739196777344,456.9599914550781
49,496.57220458984375,453.9896240234375
50,493.72467041015625,451.3438415527344
51,490.8131408691406,448.70098876953125
52,487.6133728027344,446.0296936035156
53,484.5965881347656,443.3616638183594
54,481.5072937011719,440.7361145019531
55,478.7181091308594,438.18109130859375
56,475.7651672363281,435.7170104980469
57,472.96807861328125,433.0968017578125
58,469.975830078125,430.4216613769531
59,467.18243408203125,427.8447570800781
60,464.3182678222656,425.1697082519531
61,461.1580810546875,422.663818359375
62,458.2278137207031,420.24505615234375
63,455.834228515625,417.82183837890625
64,453.1345520019531,415.48687744140625
65,450.1606750488281,413.2538146972656
66,447.34039306640625,410.7449645996094
67,444.85418701171875,408.2820739746094
68,442.3861999511719,405.8768005371094
69,439.66485595703125,403.7283020019531
70,436.8296203613281,401.36822509765625
71,434.36627197265625,399.2842102050781
72,432.18194580078125,397.1134033203125
73,429.8663024902344,395.1685791015625
74,427.0108337402344,392.66424560546875
75,424.44561767578125,390.5177307128906
76,422.209716796875,388.6373596191406
77,420.2399597167969,386.66705322265625
78,417.49078369140625,384.4364013671875
79,415.1995849609375,382.4623718261719
80,413.1221618652344,380.6351013183594
81,411.1029357910156,378.7366027832031
82,408.8380126953125,376.7782287597656
83,406.9192810058594,374.7784118652344
84,404.6749267578125,372.9129943847656
85,402.4951171875,371.14306640625
86,401.215087890625,369.41326904296875
87,398.73443603515625,367.57574462890625
88,396.93914794921875,365.78460693359375
89,394.8401794433594,363.9971618652344
90,392.7548828125,362.4109802246094
91,390.99676513671875,360.8411560058594
92,389.2199401855469,359.2833251953125
93,387.42742919921875,357.6939697265625
94,385.5998229980469,356.1587219238281
95,383.8525085449219,354.6930236816406
96,382.29669189453125,353.0686340332031
97,380.6000061035156,351.68011474609375
98,378.8639831542969,350.1557922363281
99,377.2679443359375,348.5841064453125
100,375.5959167480469,347.0388488769531
101,373.966796875,345.6449279785156
102,372.8081970214844,344.5345458984375
103,370.9313659667969,342.9249267578125
104,369.5494384765625,341.61578369140625
105,368.0943908691406,340.2776794433594
106,366.5138244628906,338.9536437988281
107,364.9703674316406,337.642333984375
108,363.7290954589844,336.4371337890625
109,362.3740234375,335.3836669921875
110,361.0078125,334.0605163574219
111,359.861572265625,333.29315185546875
112,358.2901916503906,331.8240051269531
113,356.8416748046875,330.4935607910156
114,355.736572265625,329.369873046875
115,354.2761535644531,328.2726745605469
116,353.42156982421875,327.0215759277344
117,351.69390869140625,325.88470458984375
118,350.77105712890625,324.9412841796875
119,349.2054748535156,323.6529541015625
120,348.3709411621094,322.9212341308594
121,347.29803466796875,321.8424377441406
122,345.9761962890625,320.5097351074219
123,344.6147155761719,319.5657043457031
124,343.9281311035156,318.6438903808594
125,343.13299560546875,317.6243896484375
126,341.2311706542969,316.5829162597656
127,340.2628173828125,315.7413024902344
128,339.89813232421875,315.57440185546875
129,338.5200500488281,314.15802001953125
130,337.3170471191406,312.7151794433594
131,336.80340576171875,312.052001953125
132,335.26806640625,311.0332336425781
133,334.8230895996094,310.6125793457031
134,333.4867248535156,309.43402099609375
135,332.71978759765625,308.7076416015625
136,331.77032470703125,307.97747802734375
137,331.001220703125,307.5465087890625
138,330.13287353515625,306.253173828125
139,329.19537353515625,305.7029724121094
140,328.5408020019531,305.76953125
141,328.0924377441406,304.2402038574219
142,326.9313049316406,304.76068115234375
143,327.2853698730469,303.0790100097656
144,325.5363464355469,302.2970886230469
145,324.6873779296875,302.28619384765625
146,324.67578125,301.2389221191406
147,323.6309509277344,300.7760009765625
148,323.0283508300781,299.9419860839844
149,322.3385009765625,298.97296142578125
150,321.8149719238281,298.8465576171875
151,320.99456787109375,298.6957702636719
152,320.5932922363281,297.7185363769531
153,320.2370300292969,297.291015625
154,319.3414611816406,296.55584716796875
155,318.9998474121094,296.33941650390625
156,318.4013366699219,296.1903076171875
157,317.8309631347656,295.38983154296875
158,317.4394226074219,294.8360595703125
159,317.0205993652344,295.1663513183594
160,316.7188720703125,293.79931640625
161,315.9408264160156,293.4413757324219
162,315.7436828613281,293.7070007324219
163,315.0342102050781,292.49957275390625
164,315.1477966308594,292.7856140136719
165,314.315673828125,291.9351806640625
166,313.7007141113281,291.4303283691406
167,313.2295837402344,290.9675598144531
168,313.07568359375,290.66436767578125
169,312.8381652832031,290.579345703125
170,312.3603210449219,290.3721618652344
171,311.6705322265625,289.82501220703125
172,311.43646240234375,289.7693176269531
173,311.27593994140625,289.1665344238281
174,310.853271484375,289.4969177246094
175,310.5921325683594,288.2352600097656
176,310.2763977050781,287.9067077636719
177,309.7552490234375,288.5532531738281
178,309.7058410644531,289.232177734375
179,310.48431396484375,286.88482666015625
180,308.6922607421875,286.7743225097656
181,308.457275390625,286.7573547363281
182,308.36834716796875,286.61199951171875
183,307.8566589355469,285.91754150390625
184,307.89056396484375,285.52386474609375
185,307.3394775390625,285.9333190917969
186,307.13134765625,284.9310302734375
187,306.93719482421875,284.927490234375
188,307.0133056640625,284.83172607421875
189,306.28411865234375,285.2368469238281
190,306.1519470214844,284.7038879394531
191,305.69659423828125,284.247314453125
192,305.5084533691406,284.1651611328125
193,305.7109375,284.0898742675781
194,305.7182312011719,283.9078369140625
195,304.7280578613281,283.2250671386719
196,304.5801696777344,282.75152587890625
197,305.9759521484375,283.6989440917969
198,304.22607421875,282.3232116699219
199,303.7167663574219,283.91021728515625
200,303.9586486816406,282.0045166015625
201,303.42388916015625,281.76690673828125
202,303.27496337890625,281.5048522949219
203,303.1039733886719,281.70953369140625
204,303.3648376464844,281.1668395996094
205,303.04339599609375,281.1226501464844
206,302.3561096191406,281.2214660644531
207,302.4205322265625,282.91351318359375
208,303.1399230957031,280.4297790527344
209,302.6953125,280.21136474609375
210,301.8586730957031,280.0980224609375
211,301.9957580566406,280.1173400878906
212,301.5675048828125,279.9291076660156
213,301.40386962890625,279.6409912109375
214,301.13427734375,279.53216552734375
215,301.0006103515625,279.88262939453125
216,300.8631896972656,279.30902099609375
217,300.8787841796875,279.3453063964844
218,300.6058349609375,280.1741638183594
219,300.3988037109375,278.69390869140625
220,300.25537109375,278.3810119628906
221,300.22052001953125,278.4460754394531
222,300.0398864746094,278.3836669921875
223,299.8434143066406,279.2347717285156
224,299.8262939453125,277.8530578613281
225,300.49176025390625,277.5617370605469
226,299.51690673828125,278.236572265625
227,299.2860107421875,277.9577331542969
228,299.1490783691406,277.6383361816406
229,298.9597473144531,277.9899597167969
230,299.4023742675781,277.44439697265625
231,298.7986755371094,277.621826171875
232,298.4819030761719,276.9239196777344
233,298.5689392089844,277.1653137207031
234,298.5508117675781,276.90582275390625
235,298.064697265625,276.9102478027344
236,298.16400146484375,276.97186279296875
237,299.0577697753906,276.7818298339844
238,297.93316650390625,277.3336181640625
239,298.17864990234375,276.2425231933594
240,297.92742919921875,276.23028564453125
241,298.0714416503906,275.9715881347656
242,297.7723693847656,276.15814208984375
243,297.24053955078125,275.5981750488281
244,297.3755187988281,275.8227844238281
245,297.0580139160156,275.4353942871094
246,296.7626647949219,276.3036193847656
247,296.86505126953125,275.7419128417969
248,296.711181640625,275.7644348144531
249,297.3121337890625,275.56719970703125
