epoch,loss,val_loss
0,511.68572998046875,500.50030517578125
1,497.7479553222656,486.2215881347656
2,481.8525695800781,469.50396728515625
3,463.12939453125,449.6451721191406
4,440.7879638671875,426.4279479980469
5,415.1709289550781,400.17510986328125
6,386.87750244140625,372.065673828125
7,357.01470947265625,342.57275390625
8,326.25482177734375,312.97418212890625
9,295.7441101074219,283.78271484375
10,266.1044921875,256.14068603515625
11,238.4745635986328,230.5145721435547
12,213.28472900390625,208.05039978027344
13,191.31637573242188,188.4678497314453
14,172.5260467529297,172.14598083496094
15,157.0526885986328,158.81610107421875
16,144.57528686523438,148.18666076660156
17,134.64505004882812,139.8878631591797
18,126.73819732666016,133.12564086914062
19,120.29927062988281,127.50995635986328
20,114.8871841430664,122.89359283447266
21,110.39324951171875,118.83539581298828
22,106.4432601928711,115.19916534423828
23,102.94841766357422,112.1955795288086
24,99.98955535888672,109.45893096923828
25,97.43670654296875,107.09225463867188
26,95.25199890136719,105.07516479492188
27,93.4151611328125,103.41737365722656
28,91.90038299560547,102.037841796875
29,90.67039489746094,100.95142364501953
30,89.7157211303711,99.98929595947266
31,88.9288330078125,99.23434448242188
32,88.29290771484375,98.61096954345703
33,87.77582550048828,98.11851501464844
34,87.35669708251953,97.66328430175781
35,87.00953674316406,97.3031005859375
36,86.71925354003906,96.98953247070312
37,86.46653747558594,96.73395538330078
38,86.24851989746094,96.48016357421875
39,86.05231475830078,96.25264739990234
40,85.86944580078125,96.05121612548828
41,85.70500946044922,95.85427856445312
42,85.54822540283203,95.6792221069336
43,85.40464782714844,95.49602508544922
44,85.25816345214844,95.35923767089844
45,85.13134765625,95.22251892089844
46,84.99967193603516,95.07874298095703
47,84.88007354736328,94.94458770751953
48,84.75741577148438,94.81478881835938
49,84.63615417480469,94.69523620605469
50,84.52152252197266,94.57711791992188
51,84.41674041748047,94.4466552734375
52,84.29643249511719,94.3482894897461
53,84.17241668701172,94.2259521484375
54,84.06909942626953,94.11909484863281
55,83.96019744873047,94.01275634765625
56,83.8568344116211,93.92667388916016
57,83.75951385498047,93.82568359375
58,83.66221618652344,93.73794555664062
59,83.56680297851562,93.64865112304688
60,83.47161865234375,93.55230712890625
61,83.38739776611328,93.45724487304688
62,83.28323364257812,93.36286926269531
63,83.19646453857422,93.27720642089844
64,83.10482025146484,93.18021392822266
65,82.99996185302734,93.09773254394531
66,82.91651916503906,93.01040649414062
67,82.83329010009766,92.91912078857422
68,82.72737121582031,92.84723663330078
69,82.6425552368164,92.7611312866211
70,82.55296325683594,92.70339965820312
71,82.46920776367188,92.61598205566406
72,82.37908935546875,92.54354858398438
73,82.28813934326172,92.48112487792969
74,82.22660827636719,92.39856719970703
75,82.1157455444336,92.35023498535156
76,82.04143524169922,92.26435852050781
77,81.95028686523438,92.1915512084961
78,81.87200164794922,92.11802673339844
79,81.796142578125,92.06507873535156
80,81.70568084716797,92.01107025146484
81,81.61262512207031,91.89983367919922
82,81.52630615234375,91.83824920654297
83,81.44189453125,91.771728515625
84,81.35049438476562,91.69784545898438
85,81.26416015625,91.6383056640625
86,81.17206573486328,91.56675720214844
87,81.07971954345703,91.490966796875
88,80.99016571044922,91.39544677734375
89,80.90601348876953,91.32846069335938
90,80.80579376220703,91.24888610839844
91,80.72187805175781,91.18618774414062
92,80.62688446044922,91.11918640136719
93,80.55148315429688,91.04137420654297
94,80.45072174072266,90.96465301513672
95,80.37272644042969,90.89952087402344
96,80.27784729003906,90.82960510253906
97,80.18866729736328,90.74283599853516
98,80.09850311279297,90.69569396972656
99,80.04117584228516,90.63198852539062
100,79.94126892089844,90.5589828491211
101,79.86331176757812,90.49237823486328
102,79.77605438232422,90.42011260986328
103,79.69865417480469,90.35637664794922
104,79.6160888671875,90.29806518554688
105,79.53736877441406,90.24165344238281
106,79.4608383178711,90.16682434082031
107,79.3854751586914,90.12606048583984
108,79.29823303222656,90.04743194580078
109,79.22341918945312,90.00350189208984
110,79.1456298828125,89.92292022705078
111,79.07424926757812,89.87693786621094
112,78.99210357666016,89.80271911621094
113,78.93612670898438,89.75420379638672
114,78.8600845336914,89.67875671386719
115,78.78376770019531,89.62163543701172
116,78.70259094238281,89.55043029785156
117,78.64067077636719,89.50308990478516
118,78.57369232177734,89.433837890625
119,78.5075454711914,89.40460205078125
120,78.43346405029297,89.3257827758789
121,78.37799835205078,89.2823715209961
122,78.32464599609375,89.26036834716797
123,78.2603988647461,89.1615219116211
124,78.21155548095703,89.12225341796875
125,78.16136932373047,89.06206512451172
126,78.07877349853516,89.02381896972656
127,78.01957702636719,88.96720886230469
128,77.95732879638672,88.89686584472656
129,77.90339660644531,88.84362030029297
130,77.85084533691406,88.8135757446289
131,77.81592559814453,88.7793197631836
132,77.76744079589844,88.70411682128906
133,77.71880340576172,88.66304779052734
134,77.63457489013672,88.62279510498047
135,77.60658264160156,88.60501098632812
136,77.55491638183594,88.52840423583984
137,77.4929428100586,88.47127532958984
138,77.44304656982422,88.45418548583984
139,77.44153594970703,88.41899108886719
140,77.35841369628906,88.36750030517578
141,77.31903076171875,88.35768127441406
142,77.26409912109375,88.27336120605469
143,77.23078155517578,88.24663543701172
144,77.18701934814453,88.21454620361328
145,77.13990783691406,88.16988372802734
146,77.091552734375,88.1121597290039
147,77.06602478027344,88.07081604003906
148,77.03910827636719,88.04769134521484
149,76.9869613647461,88.01700592041016
150,76.952880859375,87.9861831665039
151,76.90281677246094,87.94347381591797
152,76.88117980957031,87.89703369140625
153,76.84111022949219,87.85210418701172
154,76.78549194335938,87.85333251953125
155,76.77374267578125,87.77781677246094
156,76.73070526123047,87.74673461914062
157,76.69390869140625,87.71443176269531
158,76.66670989990234,87.67951965332031
159,76.64611053466797,87.62582397460938
160,76.60254669189453,87.60157012939453
161,76.56654357910156,87.58377838134766
162,76.53836059570312,87.5356216430664
163,76.50776672363281,87.50430297851562
164,76.4946060180664,87.48126220703125
165,76.44356536865234,87.43480682373047
166,76.41654968261719,87.39291381835938
167,76.4119644165039,87.3659439086914
168,76.36658477783203,87.34758758544922
169,76.33891296386719,87.30643463134766
170,76.3163833618164,87.28043365478516
171,76.27542877197266,87.23464965820312
172,76.24624633789062,87.1921157836914
173,76.2304458618164,87.15238189697266
174,76.21110534667969,87.1339340209961
175,76.18180084228516,87.10247802734375
176,76.16744232177734,87.10440063476562
177,76.13431549072266,87.05406951904297
178,76.1332778930664,87.0664291381836
179,76.08646392822266,87.02277374267578
180,76.07299041748047,87.00668334960938
181,76.05651092529297,86.97333526611328
182,76.03724670410156,86.95155334472656
183,76.02024841308594,86.95643615722656
184,75.99484252929688,86.90975952148438
185,75.98863983154297,86.90155029296875
186,75.94940948486328,86.8604507446289
187,75.93017578125,86.84608459472656
188,75.93397521972656,86.80805969238281
189,75.92107391357422,86.7895736694336
190,75.89215087890625,86.77268981933594
191,75.8753662109375,86.786376953125
192,75.85330200195312,86.78742218017578
