epoch,loss,val_loss
0,5847.30615234375,5642.9765625
1,5521.8662109375,5266.15771484375
2,5080.48486328125,4763.2685546875
3,4522.845703125,4164.580078125
4,3885.292236328125,3510.2490234375
5,3218.4091796875,2859.24072265625
6,2578.328369140625,2275.753662109375
7,2031.8392333984375,1807.7705078125
8,1619.72119140625,1480.6497802734375
9,1337.0736083984375,1260.526123046875
10,1148.052734375,1114.220458984375
11,1019.4547729492188,1005.8582763671875
12,920.7120361328125,917.1204223632812
13,839.560546875,844.1912841796875
14,773.6478271484375,784.2882690429688
15,721.9878540039062,737.6869506835938
16,681.3428344726562,701.7040405273438
17,650.713134765625,674.3779296875
18,626.437255859375,652.5784912109375
19,608.7327270507812,637.1470947265625
20,595.5051879882812,624.901611328125
21,585.4077758789062,615.6884155273438
22,577.4886474609375,608.0372314453125
23,570.5711059570312,601.5206298828125
24,564.7984008789062,595.550048828125
25,559.4727783203125,590.51806640625
26,554.8226318359375,585.9016723632812
27,550.1182861328125,581.3093872070312
28,545.7874145507812,576.6875
29,541.6104125976562,572.3009643554688
30,537.9921264648438,568.8370971679688
31,533.9723510742188,564.6200561523438
32,530.4905395507812,560.8456420898438
33,526.9481201171875,557.43994140625
34,523.3963623046875,553.5333251953125
35,519.8889770507812,549.9229125976562
36,516.4006958007812,546.4278564453125
37,512.9727172851562,542.7560424804688
38,509.7058410644531,539.4537353515625
39,506.48272705078125,535.8357543945312
40,503.0440368652344,532.519775390625
41,499.9284362792969,529.2014770507812
42,496.71429443359375,526.0245361328125
43,493.66766357421875,522.5445556640625
44,490.5318908691406,519.3373413085938
45,487.6294250488281,516.2443237304688
46,484.4314880371094,512.8578491210938
47,481.369873046875,509.5097351074219
48,478.3163757324219,506.5510559082031
49,475.4930725097656,503.4328918457031
50,472.5372009277344,500.5229797363281
51,469.6282043457031,497.4614562988281
52,466.7467041015625,494.1967468261719
53,463.9550476074219,491.1961975097656
54,461.3367919921875,488.65875244140625
55,458.7214050292969,485.6116638183594
56,456.00018310546875,482.63641357421875
57,453.3368835449219,480.0789794921875
58,450.61053466796875,477.2102966308594
59,448.0364685058594,474.29638671875
60,445.425048828125,471.5364990234375
61,442.92034912109375,468.81231689453125
62,440.13824462890625,466.1211853027344
63,437.5697937011719,463.32891845703125
64,435.03350830078125,460.6544494628906
65,432.46502685546875,458.1485290527344
66,430.2496643066406,455.9355163574219
67,427.501953125,453.1429138183594
68,425.1256103515625,450.6820983886719
69,422.8321228027344,447.9810485839844
70,420.37396240234375,445.6241455078125
71,417.8354187011719,443.4539489746094
72,415.54815673828125,440.5610656738281
73,413.2602233886719,438.7128601074219
74,410.9152526855469,436.0575256347656
75,408.5863342285156,433.87432861328125
76,406.28289794921875,431.7919616699219
77,404.19696044921875,429.6270446777344
78,401.9471740722656,427.29461669921875
79,399.75640869140625,424.96588134765625
80,397.631103515625,423.00433349609375
81,395.38330078125,420.601318359375
82,393.57586669921875,418.5088806152344
83,391.0943908691406,416.2139892578125
84,389.1686096191406,414.0273132324219
85,386.93609619140625,411.64398193359375
86,384.9434814453125,409.5488586425781
87,382.9979248046875,408.1467590332031
88,381.30511474609375,406.0372314453125
89,378.9585876464844,404.2611083984375
90,377.0700988769531,402.06097412109375
91,375.1015625,400.3287048339844
92,373.2580871582031,398.4326477050781
93,371.5296936035156,396.71405029296875
94,369.6934814453125,394.6057434082031
95,367.927001953125,392.54693603515625
96,366.0007629394531,391.54339599609375
97,364.3556823730469,389.3642578125
98,362.43084716796875,387.1226501464844
99,360.8414306640625,385.0881652832031
100,359.02069091796875,383.21588134765625
101,357.3194274902344,381.6559143066406
102,355.7118835449219,379.61083984375
103,353.9871520996094,378.11163330078125
104,352.5575866699219,376.0932312011719
105,351.057373046875,374.8233337402344
106,349.50347900390625,372.8125305175781
107,348.0487976074219,371.5708923339844
108,346.7005310058594,370.28155517578125
109,345.909423828125,369.7568664550781
110,343.9925537109375,367.3218078613281
111,342.4850769042969,365.6938171386719
112,341.1177978515625,364.61376953125
113,339.9670715332031,363.23052978515625
114,338.6891784667969,362.1082458496094
115,337.462646484375,360.0729675292969
116,336.2506408691406,358.96783447265625
117,335.08544921875,357.7187805175781
118,334.0024719238281,357.0713195800781
119,333.0478210449219,355.65924072265625
120,332.0002136230469,354.4079284667969
121,330.81024169921875,353.1590576171875
122,329.6404113769531,352.3734436035156
123,328.9601135253906,350.8941955566406
124,327.750244140625,350.17987060546875
125,326.7935791015625,348.97308349609375
126,325.88018798828125,347.68316650390625
127,324.8262023925781,346.75445556640625
128,323.8522033691406,345.6119689941406
129,322.939697265625,344.812255859375
130,322.20159912109375,343.4547424316406
131,321.4311828613281,342.17169189453125
132,320.7555236816406,342.4901428222656
133,319.8861389160156,340.63824462890625
134,319.40460205078125,339.78912353515625
135,318.2906799316406,339.42742919921875
136,317.1554870605469,337.89141845703125
137,316.60174560546875,337.9728088378906
138,315.913330078125,336.3639221191406
139,315.3016052246094,336.2678527832031
140,314.5139465332031,334.7364196777344
141,313.8414001464844,333.675537109375
142,312.9947204589844,333.39910888671875
143,312.396728515625,332.3543395996094
144,311.7786865234375,331.7283630371094
145,311.27960205078125,330.9135437011719
146,310.6308898925781,331.1688537597656
147,310.3061218261719,329.94781494140625
148,309.3799133300781,329.10137939453125
149,308.7150573730469,328.7806091308594
150,308.36175537109375,328.5497741699219
151,307.8931884765625,327.7434997558594
152,307.8713073730469,326.7729187011719
153,307.0854797363281,326.52618408203125
154,306.3399353027344,325.44976806640625
155,305.70947265625,324.8880310058594
156,305.413330078125,324.38128662109375
157,304.7854309082031,323.52142333984375
158,304.4201965332031,323.6500244140625
159,304.1823425292969,323.88299560546875
160,304.1022644042969,322.14471435546875
161,303.4077453613281,321.5234680175781
162,302.6210632324219,321.08184814453125
163,302.1379089355469,321.47882080078125
164,302.7249755859375,320.36358642578125
165,301.4232177734375,321.105224609375
166,301.3224792480469,319.2492980957031
167,300.9462890625,318.823974609375
168,300.5874938964844,318.3432922363281
169,300.0838623046875,319.2039489746094
170,300.9074401855469,317.8060302734375
171,299.80792236328125,317.8204345703125
172,299.21453857421875,317.2967224121094
173,299.0604248046875,316.2695617675781
174,298.4324951171875,316.4342041015625
175,298.5439147949219,315.860107421875
176,297.8797912597656,315.6936340332031
177,297.4273986816406,315.3569030761719
178,297.41107177734375,314.4139709472656
179,297.19873046875,314.5108642578125
180,296.845703125,313.94940185546875
181,296.61248779296875,314.554443359375
182,296.2688293457031,313.4717712402344
183,296.29913330078125,313.4622802734375
184,296.0635070800781,313.0962829589844
185,295.44677734375,312.7732849121094
186,295.67181396484375,312.7139892578125
187,295.5620422363281,312.2467346191406
188,294.8833923339844,311.67742919921875
189,294.9656677246094,311.61700439453125
190,294.28045654296875,311.1859130859375
191,294.4629821777344,310.94140625
192,293.9666748046875,310.7176818847656
193,293.9560241699219,310.9001770019531
194,293.6898498535156,310.6570129394531
195,293.2805480957031,310.19952392578125
196,293.15924072265625,310.29443359375
197,293.0769958496094,311.16046142578125
198,293.8753356933594,309.3409423828125
199,292.9393615722656,310.7998046875
200,293.332275390625,308.9480285644531
201,292.5704650878906,308.56201171875
202,292.04400634765625,308.41827392578125
203,291.8244323730469,309.1870422363281
204,291.8193054199219,308.5687561035156
205,291.6258239746094,308.08294677734375
206,291.3600769042969,307.52911376953125
207,291.3686218261719,307.9576416015625
208,291.0579833984375,307.6385498046875
209,291.2022705078125,307.5063171386719
210,290.656494140625,306.82818603515625
211,290.6213684082031,306.81494140625
212,290.5455017089844,306.8268737792969
213,290.8681640625,306.3519287109375
214,290.0868835449219,306.2463073730469
215,289.9423522949219,306.04034423828125
216,289.8897399902344,305.9855041503906
217,289.6300048828125,305.5436096191406
218,290.2272644042969,305.4668273925781
219,289.3959655761719,305.3543395996094
220,289.410400390625,305.44158935546875
221,289.0378112792969,305.0136413574219
222,289.3094177246094,305.20037841796875
223,289.534423828125,305.4364013671875
224,288.85693359375,305.603515625
225,288.733642578125,304.67724609375
226,288.4628601074219,304.55914306640625
227,288.31658935546875,304.3954772949219
228,288.25909423828125,304.4147644042969
229,288.13409423828125,304.1662902832031
230,288.4996337890625,303.8055419921875
231,287.9306640625,303.9139709472656
232,287.908447265625,304.0626220703125
233,287.6634826660156,304.2259826660156
234,287.7400207519531,304.8269348144531
235,288.2270202636719,303.28302001953125
236,287.62994384765625,303.3038330078125
237,287.174072265625,302.98480224609375
238,287.41839599609375,303.7332763671875
239,288.3698425292969,302.94281005859375
240,287.46600341796875,302.51763916015625
241,287.2469787597656,302.6405334472656
242,286.9033203125,302.27264404296875
243,287.0124816894531,302.32904052734375
244,286.6706237792969,302.6623840332031
245,286.4645690917969,301.8960876464844
246,286.2902526855469,301.78045654296875
247,286.2556457519531,302.29302978515625
248,286.23529052734375,301.9640808105469
249,286.745849609375,301.7160949707031
