epoch,loss,val_loss
0,5945.4345703125,5776.16015625
1,5663.40771484375,5458.51806640625
2,5295.28466796875,5028.20703125
3,4808.3779296875,4480.85205078125
4,4206.623046875,3833.863037109375
5,3537.40185546875,3153.281005859375
6,2868.435302734375,2518.7509765625
7,2272.755615234375,1982.6163330078125
8,1793.08935546875,1578.8243408203125
9,1452.977783203125,1308.2291259765625
10,1223.2098388671875,1127.054931640625
11,1069.7652587890625,1003.2883911132812
12,962.866455078125,912.5213623046875
13,880.2642211914062,837.5421752929688
14,813.6140747070312,776.5992431640625
15,758.6742553710938,727.6305541992188
16,716.894775390625,690.4815063476562
17,684.6175537109375,661.5326538085938
18,659.900390625,639.3551635742188
19,640.742431640625,621.1351928710938
20,625.481201171875,607.0674438476562
21,613.1045532226562,595.4510498046875
22,603.0464477539062,585.8788452148438
23,594.6171264648438,578.0599365234375
24,587.5575561523438,571.5697021484375
25,581.5928955078125,565.5449829101562
26,576.2362060546875,560.5941162109375
27,571.4912719726562,555.9957275390625
28,567.27392578125,551.2744140625
29,562.8458251953125,547.4736328125
30,558.84228515625,543.30419921875
31,555.1004638671875,539.670166015625
32,551.3234252929688,535.9000854492188
33,547.7079467773438,532.4691772460938
34,544.1351318359375,528.697509765625
35,540.5553588867188,525.1509399414062
36,536.951416015625,521.824951171875
37,533.5650634765625,518.2793579101562
38,529.9469604492188,514.6011962890625
39,526.5472412109375,511.2122802734375
40,523.1065063476562,507.86187744140625
41,519.7288208007812,504.5611572265625
42,516.4761352539062,501.3420104980469
43,513.0770263671875,497.9970703125
44,510.0894775390625,494.83721923828125
45,507.20379638671875,491.59832763671875
46,503.494384765625,488.5982666015625
47,500.4588623046875,485.4970703125
48,497.2832336425781,482.013916015625
49,493.9886474609375,478.7356262207031
50,490.9602355957031,475.5840148925781
51,487.7187805175781,472.2549743652344
52,484.64599609375,469.1724548339844
53,481.5272521972656,465.8731689453125
54,478.4488525390625,462.7658386230469
55,475.1511535644531,459.406494140625
56,472.095458984375,456.1004638671875
57,468.8952331542969,452.8561096191406
58,466.02032470703125,449.777099609375
59,462.7304382324219,446.5596008300781
60,459.6625061035156,443.4272766113281
61,457.0346374511719,440.1995849609375
62,453.7079772949219,437.179931640625
63,450.7572937011719,434.14111328125
64,447.8712158203125,431.1746520996094
65,444.9647521972656,428.1407775878906
66,442.009521484375,425.1455078125
67,439.3117980957031,421.9735107421875
68,437.0334777832031,418.9659729003906
69,433.67724609375,416.2785339355469
70,430.992431640625,413.7352600097656
71,428.2674255371094,410.9923095703125
72,425.7780456542969,408.6572570800781
73,423.5973815917969,406.0306396484375
74,420.9787902832031,403.2552795410156
75,418.4991455078125,400.90966796875
76,416.2249450683594,398.4800720214844
77,414.112060546875,396.0771484375
78,411.60467529296875,393.9309997558594
79,409.3499755859375,391.4395446777344
80,407.15618896484375,389.2116394042969
81,404.9670715332031,386.84503173828125
82,402.9047546386719,384.78497314453125
83,400.9558410644531,382.54205322265625
84,399.0129699707031,380.6005554199219
85,396.9658508300781,378.5517578125
86,394.8253173828125,376.3025207519531
87,392.8816833496094,374.4016418457031
88,391.34613037109375,372.4556884765625
89,389.4473876953125,370.6526794433594
90,387.814697265625,368.97869873046875
91,385.8944091796875,367.06658935546875
92,384.16131591796875,365.61859130859375
93,382.6059265136719,363.7469482421875
94,380.9501037597656,362.013671875
95,379.7515563964844,360.4353942871094
96,378.4498291015625,358.85748291015625
97,376.52484130859375,357.59271240234375
98,375.0594482421875,355.81396484375
99,373.51934814453125,354.2160949707031
100,372.42657470703125,353.0792541503906
101,371.04693603515625,352.1457214355469
102,369.8482360839844,350.2239074707031
103,368.18402099609375,349.19000244140625
104,366.8692626953125,347.665283203125
105,365.626220703125,346.45452880859375
106,364.5475158691406,345.3929443359375
107,363.2908630371094,343.8037414550781
108,362.04034423828125,343.0028381347656
109,361.8509521484375,341.06707763671875
110,359.8433532714844,339.9474182128906
111,359.2502136230469,339.2417297363281
112,357.768310546875,337.81671142578125
113,356.8583068847656,337.25738525390625
114,356.0692443847656,335.8768310546875
115,354.5700378417969,334.6515197753906
116,354.4692687988281,333.8427429199219
117,352.6554260253906,332.6730651855469
118,351.6319274902344,331.7197570800781
119,350.62554931640625,330.8915710449219
120,349.9213562011719,329.9762268066406
121,350.19146728515625,329.00665283203125
122,348.0834655761719,328.30145263671875
123,346.990478515625,327.1767272949219
124,346.7453918457031,327.0298156738281
125,345.77667236328125,325.5372009277344
126,344.8857727050781,324.8035583496094
127,344.0306701660156,324.1849365234375
128,343.3069763183594,323.63134765625
129,342.5212097167969,322.379638671875
130,341.5902404785156,322.0547180175781
131,340.8358459472656,320.855224609375
132,340.499267578125,320.76800537109375
133,339.99267578125,321.25384521484375
134,339.395751953125,318.7358093261719
135,337.96185302734375,318.05780029296875
136,337.0654296875,317.2135925292969
137,336.9430847167969,316.4820556640625
138,336.3992614746094,316.72125244140625
139,335.2445373535156,315.3349914550781
140,334.63897705078125,314.9266662597656
141,333.9631042480469,314.2080078125
142,333.1107177734375,313.4563903808594
143,332.754638671875,313.2535705566406
144,332.5680847167969,313.2185974121094
145,331.43048095703125,311.7805480957031
146,330.7839050292969,311.2434387207031
147,331.0358581542969,311.23065185546875
148,329.6571960449219,310.1973571777344
149,329.2760925292969,310.439453125
150,328.5848083496094,309.1498107910156
151,328.5889892578125,309.25555419921875
152,327.6981506347656,308.9317626953125
153,327.0766296386719,307.5823059082031
154,326.4299011230469,307.6314697265625
155,326.3099365234375,306.7932434082031
156,325.6094970703125,306.3838806152344
157,325.6626892089844,306.5245666503906
158,324.5441589355469,305.5435791015625
159,324.48883056640625,305.0970458984375
160,323.9392395019531,305.0093078613281
161,323.99957275390625,306.1966552734375
162,323.27117919921875,303.8867492675781
163,322.9436340332031,303.5321350097656
164,322.1712951660156,303.19866943359375
165,321.644775390625,302.60992431640625
166,321.2711181640625,302.1888427734375
167,321.01190185546875,301.895751953125
168,320.3958435058594,302.02349853515625
169,320.22979736328125,301.15521240234375
170,320.0252685546875,300.7843322753906
171,319.26422119140625,301.18267822265625
172,318.9580383300781,299.9056701660156
173,318.84478759765625,299.7745361328125
174,318.32037353515625,299.4590759277344
175,318.2039794921875,299.34124755859375
176,317.5858154296875,300.1437683105469
177,317.59478759765625,298.8210754394531
178,317.0914001464844,298.01806640625
179,316.60089111328125,297.73968505859375
180,316.3587951660156,297.3915710449219
181,315.897216796875,297.0811462402344
182,316.33453369140625,297.40582275390625
183,315.3577880859375,296.5070495605469
184,315.8096008300781,296.35418701171875
185,315.1479187011719,296.8811340332031
186,314.5521545410156,296.4812316894531
187,314.510498046875,296.0343933105469
188,314.0893859863281,295.2023010253906
189,313.6769104003906,295.2733459472656
190,313.5479431152344,295.0024108886719
191,313.1292419433594,294.5360412597656
192,313.0007629394531,294.5528564453125
193,312.8022155761719,294.68450927734375
194,312.7761535644531,294.5378723144531
195,312.372802734375,294.785400390625
196,312.0382385253906,293.339599609375
197,311.5201110839844,294.37762451171875
198,311.4688415527344,293.0615234375
199,311.2704772949219,292.784912109375
200,311.6947021484375,293.8743591308594
201,311.0521240234375,292.8697509765625
202,310.9465637207031,292.65594482421875
203,310.4208984375,292.7134094238281
204,310.2383117675781,292.06243896484375
205,310.012939453125,291.83746337890625
206,309.8638610839844,291.80877685546875
207,309.6177062988281,292.1411437988281
208,309.52197265625,291.5874938964844
209,309.4127197265625,290.7812805175781
210,309.14019775390625,290.842041015625
211,309.3334655761719,291.697509765625
212,309.29217529296875,290.5955505371094
213,309.3279724121094,291.35504150390625
214,308.5359191894531,290.45806884765625
215,308.36224365234375,290.1118469238281
216,308.0472412109375,289.7325134277344
217,308.01611328125,289.6103820800781
218,307.6660461425781,289.56463623046875
219,307.73699951171875,289.3895263671875
220,307.697265625,289.1479797363281
221,307.5960388183594,289.1207580566406
222,307.4937438964844,290.1426086425781
223,307.236572265625,289.4645690917969
224,306.8297424316406,288.3792419433594
225,306.925537109375,288.6864013671875
226,306.4345703125,289.3484802246094
227,306.8052978515625,289.082763671875
228,307.0332336425781,287.92938232421875
229,306.09149169921875,288.23486328125
230,305.8966979980469,287.5249328613281
231,305.5846862792969,288.148681640625
232,305.7592468261719,287.4723205566406
233,305.6043395996094,287.6127624511719
234,305.4049987792969,288.31005859375
235,305.3787536621094,288.2804870605469
236,304.9744567871094,287.5240783691406
237,304.92901611328125,286.85107421875
238,305.0249938964844,286.91607666015625
239,304.9792785644531,286.35601806640625
240,305.80352783203125,286.8373107910156
241,304.6929626464844,286.6492614746094
242,304.55609130859375,286.3446960449219
243,304.1689147949219,286.0685729980469
244,304.1415100097656,285.7325134277344
245,303.8994140625,285.71490478515625
246,303.96527099609375,288.0080261230469
247,303.8811950683594,285.5766906738281
248,303.7301330566406,285.4313049316406
249,303.66046142578125,285.8040771484375
