epoch,loss,val_loss
0,2.8928444385528564,1.876123309135437
1,1.5317071676254272,1.3459084033966064
2,1.1162006855010986,1.0389337539672852
3,0.8501603007316589,0.8420878648757935
4,0.6970741748809814,0.7304013967514038
5,0.613760769367218,0.6703895330429077
6,0.5709982514381409,0.6406114101409912
7,0.5517711043357849,0.6217893362045288
8,0.5354932546615601,0.6093315482139587
9,0.5235844850540161,0.5980783700942993
10,0.5141950249671936,0.5907850861549377
11,0.5073074698448181,0.5869997143745422
12,0.5012728571891785,0.5784115195274353
13,0.49416059255599976,0.5749141573905945
14,0.48997557163238525,0.570240318775177
15,0.4870322048664093,0.5673627257347107
16,0.4836561679840088,0.5645589828491211
17,0.4831364154815674,0.5586429238319397
18,0.4779808223247528,0.556030809879303
19,0.4739590883255005,0.5568967461585999
20,0.47446951270103455,0.5526237487792969
21,0.47042080760002136,0.5498448014259338
22,0.4679241478443146,0.5486704707145691
23,0.4673295319080353,0.5460219979286194
24,0.46232345700263977,0.5435663461685181
25,0.4617754817008972,0.5432769060134888
26,0.4598475694656372,0.5406707525253296
27,0.45788076519966125,0.5399349331855774
28,0.4572296738624573,0.5371133685112
29,0.4550107419490814,0.5364544987678528
30,0.4535599946975708,0.5346843600273132
31,0.45126643776893616,0.5325840711593628
32,0.4515100121498108,0.5320085883140564
33,0.44939014315605164,0.5339295268058777
34,0.4508405029773712,0.5288891196250916
35,0.4485171139240265,0.5295282602310181
36,0.44709286093711853,0.5271102786064148
37,0.4468163847923279,0.5252509713172913
38,0.4439072012901306,0.5243375897407532
39,0.4433574676513672,0.5257647633552551
40,0.4450111985206604,0.5244442820549011
41,0.4430723786354065,0.5215129852294922
42,0.4409416913986206,0.5199775099754333
43,0.4399283826351166,0.5194022059440613
44,0.43926578760147095,0.5203007459640503
45,0.4369630515575409,0.5185028910636902
46,0.435807466506958,0.5182660222053528
47,0.43582066893577576,0.5167238712310791
48,0.43433815240859985,0.514880359172821
49,0.43530386686325073,0.514777660369873
50,0.43275007605552673,0.514445424079895
51,0.4331168830394745,0.5127572417259216
52,0.43392112851142883,0.5107902884483337
53,0.4308076798915863,0.510394275188446
54,0.4301610589027405,0.5103797912597656
55,0.4282999634742737,0.5090824365615845
56,0.42810553312301636,0.5160228610038757
57,0.4399661123752594,0.5100905299186707
58,0.433215469121933,0.5088087916374207
59,0.42663219571113586,0.5064110159873962
60,0.42658936977386475,0.5160354971885681
61,0.4304546117782593,0.5092592835426331
62,0.42648571729660034,0.5093186497688293
63,0.4259818494319916,0.5057475566864014
64,0.4224284291267395,0.5030630230903625
65,0.42414072155952454,0.5040534138679504
66,0.423378050327301,0.5027934312820435
67,0.4220086634159088,0.5021674036979675
68,0.42368263006210327,0.500296413898468
69,0.41992512345314026,0.5006205439567566
70,0.41874536871910095,0.5019484162330627
71,0.423980176448822,0.5000597238540649
72,0.4180189073085785,0.4983878433704376
73,0.41738274693489075,0.4992806315422058
74,0.41679561138153076,0.500247061252594
75,0.4151022732257843,0.4985649287700653
76,0.4169396162033081,0.49564191699028015
77,0.4171292185783386,0.49681487679481506
78,0.41523227095603943,0.4953911304473877
79,0.41358041763305664,0.4941234290599823
80,0.4116026759147644,0.4924730658531189
81,0.41211432218551636,0.49375489354133606
82,0.4112802743911743,0.49152839183807373
83,0.4102631211280823,0.49340569972991943
84,0.4098884165287018,0.49099335074424744
85,0.4089285731315613,0.4913359582424164
86,0.40896371006965637,0.4892914891242981
87,0.40764549374580383,0.4894607663154602
88,0.4091564118862152,0.4899078905582428
89,0.4077286422252655,0.4886486530303955
90,0.4062763750553131,0.4886084198951721
91,0.4081418216228485,0.490621954202652
92,0.40546128153800964,0.4862958788871765
93,0.40729963779449463,0.4854834973812103
94,0.4041427969932556,0.48763301968574524
95,0.40360379219055176,0.48669376969337463
96,0.4038798213005066,0.4845018982887268
97,0.40322601795196533,0.484144926071167
98,0.4028366804122925,0.4872238039970398
99,0.40310296416282654,0.48530665040016174
100,0.40234676003456116,0.4839097857475281
101,0.40033280849456787,0.48434916138648987
102,0.4006189703941345,0.48659849166870117
103,0.400129109621048,0.4841654300689697
104,0.39859604835510254,0.49155566096305847
105,0.4001498818397522,0.48077744245529175
106,0.39805299043655396,0.4812750220298767
107,0.39687758684158325,0.4829876720905304
108,0.3987235724925995,0.47885340452194214
109,0.39872390031814575,0.47904419898986816
110,0.3961698114871979,0.4814149737358093
111,0.39600712060928345,0.48112329840660095
112,0.3984471559524536,0.47781047224998474
113,0.39486604928970337,0.47736212611198425
114,0.3938584327697754,0.4876658618450165
115,0.39523449540138245,0.47608935832977295
116,0.3960724174976349,0.4772868752479553
117,0.39900514483451843,0.48198819160461426
118,0.3929229974746704,0.47704699635505676
119,0.391554057598114,0.47324684262275696
120,0.3918273448944092,0.47319677472114563
121,0.39002126455307007,0.47526106238365173
122,0.39097318053245544,0.4729757606983185
123,0.39021825790405273,0.4719834327697754
124,0.38859111070632935,0.47491973638534546
125,0.3886054456233978,0.4727949798107147
126,0.3893239498138428,0.47338545322418213
127,0.389317125082016,0.4791002869606018
128,0.3926170766353607,0.47038328647613525
129,0.3875487744808197,0.4698023498058319
130,0.38796132802963257,0.4774594008922577
131,0.38761666417121887,0.48430249094963074
132,0.3898066282272339,0.4834100008010864
133,0.3925565779209137,0.479805052280426
134,0.3861701190471649,0.46913421154022217
135,0.3856573700904846,0.4719139635562897
136,0.38458454608917236,0.47467705607414246
137,0.3966205418109894,0.47152456641197205
138,0.38447678089141846,0.49617329239845276
139,0.39939388632774353,0.46935704350471497
140,0.3900809586048126,0.46918246150016785
141,0.3843105435371399,0.47036755084991455
142,0.38146889209747314,0.46781131625175476
143,0.3808157742023468,0.4730294644832611
144,0.383545458316803,0.46681129932403564
145,0.38182953000068665,0.46630340814590454
146,0.3802908957004547,0.4658169150352478
147,0.3794868588447571,0.4674757719039917
148,0.37956690788269043,0.465651273727417
149,0.38018468022346497,0.4681908190250397
150,0.38224363327026367,0.47041967511177063
151,0.3798810541629791,0.46499866247177124
152,0.3805793225765228,0.46346819400787354
153,0.3787897229194641,0.46541643142700195
154,0.37966400384902954,0.4705343544483185
155,0.38195666670799255,0.4655962288379669
156,0.377074658870697,0.4725199341773987
157,0.3806505799293518,0.46285292506217957
158,0.3793375790119171,0.4680090844631195
159,0.3770582973957062,0.4629126489162445
160,0.3758438229560852,0.46168702840805054
161,0.3760532736778259,0.4636080265045166
162,0.3752668499946594,0.46302899718284607
163,0.3761017620563507,0.47020232677459717
164,0.3758986294269562,0.4632512927055359
165,0.37420886754989624,0.4624130129814148
166,0.37345725297927856,0.46345916390419006
167,0.37412789463996887,0.4602794647216797
168,0.3741534352302551,0.4610690772533417
169,0.373722642660141,0.46051937341690063
170,0.375897079706192,0.45992961525917053
171,0.3733034133911133,0.4584430456161499
172,0.3718462884426117,0.45989176630973816
173,0.37308940291404724,0.46200552582740784
174,0.3772834837436676,0.4583985507488251
175,0.3728971779346466,0.45797139406204224
176,0.3767639100551605,0.4591761529445648
177,0.371957927942276,0.46311286091804504
178,0.36982429027557373,0.4580981135368347
179,0.3716386556625366,0.45628121495246887
180,0.37071073055267334,0.4668063521385193
181,0.37442559003829956,0.45744532346725464
182,0.3759007751941681,0.4576895534992218
183,0.37155139446258545,0.4563632905483246
184,0.3701212704181671,0.45861053466796875
185,0.3697340786457062,0.45859184861183167
186,0.3746468722820282,0.45971259474754333
187,0.37358781695365906,0.4630269408226013
188,0.3694758713245392,0.4563007354736328
189,0.3700626790523529,0.45935291051864624
