epoch,loss,val_loss
0,2.9740841388702393,1.8482081890106201
1,1.5825854539871216,1.3763593435287476
2,1.2310959100723267,1.0818356275558472
3,0.9887332320213318,0.8576619029045105
4,0.8037781119346619,0.7032212615013123
5,0.687690258026123,0.6189519166946411
6,0.6303352117538452,0.5760276317596436
7,0.6004067659378052,0.5538933873176575
8,0.5840353965759277,0.5397387146949768
9,0.5701256990432739,0.5277460217475891
10,0.558781623840332,0.5186951756477356
11,0.550107479095459,0.5099889636039734
12,0.5437511205673218,0.5046883821487427
13,0.538628339767456,0.5011526346206665
14,0.5340644121170044,0.4947713613510132
15,0.5293146967887878,0.49095410108566284
16,0.5248212814331055,0.48799484968185425
17,0.5216400623321533,0.48639729619026184
18,0.5186346173286438,0.4831218123435974
19,0.5180178880691528,0.48303040862083435
20,0.5143722891807556,0.478471040725708
21,0.5153058171272278,0.47758612036705017
22,0.5094723701477051,0.4772830903530121
23,0.5081205368041992,0.4749235212802887
24,0.5068796277046204,0.4730031192302704
25,0.505892276763916,0.46977782249450684
26,0.5031523704528809,0.4679262042045593
27,0.5006494522094727,0.4662707448005676
28,0.4979809522628784,0.46502819657325745
29,0.5008713006973267,0.4645903706550598
30,0.49670636653900146,0.46314969658851624
31,0.4971265196800232,0.4626717269420624
32,0.49237605929374695,0.45983996987342834
33,0.4912148118019104,0.46063733100891113
34,0.49153271317481995,0.4580768942832947
35,0.4909781515598297,0.4586586356163025
36,0.48770150542259216,0.4577881097793579
37,0.4904094934463501,0.45503827929496765
38,0.48588642477989197,0.4534764289855957
39,0.48619070649147034,0.45472705364227295
40,0.48468896746635437,0.45392051339149475
41,0.4844609498977661,0.4561387002468109
42,0.4817669689655304,0.45334142446517944
43,0.4836213290691376,0.4516793191432953
44,0.4797219932079315,0.4479046165943146
45,0.47921961545944214,0.4480033218860626
46,0.4807451665401459,0.44795241951942444
47,0.47681924700737,0.44685178995132446
48,0.475711464881897,0.4452301859855652
49,0.4775131940841675,0.44438910484313965
50,0.47493529319763184,0.44324615597724915
51,0.4736608862876892,0.443471759557724
52,0.4748240113258362,0.4429861605167389
53,0.47242510318756104,0.44163447618484497
54,0.4718886613845825,0.44613608717918396
55,0.4708119034767151,0.44091135263442993
56,0.4699503183364868,0.44190770387649536
57,0.47118717432022095,0.43783190846443176
58,0.4679853916168213,0.4374588429927826
59,0.4667023718357086,0.43762150406837463
60,0.46522724628448486,0.4367605149745941
61,0.4650752544403076,0.4353701174259186
62,0.4653851389884949,0.44387972354888916
63,0.4675150215625763,0.43414127826690674
64,0.4648214876651764,0.4332832992076874
65,0.46319252252578735,0.4335724711418152
66,0.462243914604187,0.4313708245754242
67,0.4620673656463623,0.4314109683036804
68,0.46256616711616516,0.4351922869682312
69,0.46342989802360535,0.4304385483264923
70,0.4616846442222595,0.4337243139743805
71,0.45939207077026367,0.4295065402984619
72,0.45824292302131653,0.4307854175567627
73,0.458570271730423,0.4279825687408447
74,0.45688071846961975,0.42706382274627686
75,0.4570818543434143,0.4265492260456085
76,0.45734941959381104,0.42534229159355164
77,0.45551520586013794,0.42389804124832153
78,0.4562356770038605,0.42400234937667847
79,0.4536459147930145,0.4230360984802246
80,0.4537135362625122,0.4237693250179291
81,0.4523255527019501,0.4226169288158417
82,0.4532028138637543,0.42787307500839233
83,0.45621922612190247,0.4250960946083069
84,0.45174288749694824,0.42091524600982666
85,0.449408620595932,0.42168283462524414
86,0.4497118592262268,0.4203665852546692
87,0.4493417739868164,0.4214099943637848
88,0.4490523338317871,0.423086941242218
89,0.44897186756134033,0.4190869927406311
90,0.447001188993454,0.42321720719337463
91,0.4495740830898285,0.4189411997795105
92,0.45562681555747986,0.41822031140327454
93,0.44602301716804504,0.4171169400215149
94,0.4451904594898224,0.41757750511169434
95,0.44706663489341736,0.4175313711166382
96,0.44665876030921936,0.4214390516281128
97,0.4452487528324127,0.4163875877857208
98,0.44608333706855774,0.41512584686279297
99,0.4437564015388489,0.4177727699279785
100,0.4442106783390045,0.41672372817993164
101,0.44354915618896484,0.41436728835105896
102,0.44417065382003784,0.41445204615592957
103,0.4435200095176697,0.41467201709747314
104,0.4443292021751404,0.41930997371673584
105,0.4433193802833557,0.41443347930908203
106,0.44094300270080566,0.41335397958755493
107,0.4397895038127899,0.41037997603416443
108,0.4402253031730652,0.41665714979171753
109,0.44546499848365784,0.4137438237667084
110,0.4381677508354187,0.4117400050163269
111,0.4394219219684601,0.41168758273124695
112,0.4395544230937958,0.4096235930919647
113,0.4386594295501709,0.40907612442970276
114,0.43823686242103577,0.4079919457435608
115,0.437709778547287,0.410298615694046
116,0.4419785439968109,0.4167909026145935
117,0.4386410713195801,0.4079757034778595
118,0.436533123254776,0.4074941575527191
119,0.4351331889629364,0.40794986486434937
120,0.43566831946372986,0.41062742471694946
121,0.4359525144100189,0.4072759449481964
122,0.43553489446640015,0.40628087520599365
123,0.4370328187942505,0.4054688811302185
124,0.43460819125175476,0.4104144275188446
125,0.43535706400871277,0.4049290418624878
126,0.4365716576576233,0.40531766414642334
127,0.43728286027908325,0.40546730160713196
128,0.4342672824859619,0.40833568572998047
129,0.4308554530143738,0.40673020482063293
130,0.43134328722953796,0.40472131967544556
131,0.4316346347332001,0.4138393700122833
132,0.4464505612850189,0.4074966311454773
133,0.43326276540756226,0.404653936624527
134,0.43341824412345886,0.40524929761886597
135,0.4320555627346039,0.40271928906440735
136,0.4321998655796051,0.4020736515522003
137,0.43086692690849304,0.4044848084449768
138,0.4295397996902466,0.4018501043319702
139,0.43066394329071045,0.4051128923892975
140,0.4310927987098694,0.4067161977291107
141,0.43134960532188416,0.3995947539806366
142,0.4281122088432312,0.39882493019104004
143,0.4269261956214905,0.39915043115615845
144,0.42905759811401367,0.39982369542121887
145,0.4298279583454132,0.4011729955673218
146,0.42727988958358765,0.39736393094062805
147,0.43089115619659424,0.4203759431838989
148,0.43208277225494385,0.39748215675354004
149,0.42934441566467285,0.40453287959098816
150,0.42995426058769226,0.3988213539123535
151,0.42779064178466797,0.40217700600624084
152,0.42803990840911865,0.39751219749450684
153,0.4260391891002655,0.39837682247161865
154,0.42413070797920227,0.3980904519557953
155,0.42645329236984253,0.39731043577194214
156,0.42738330364227295,0.3974652588367462
157,0.42422232031822205,0.3955611288547516
158,0.4233511686325073,0.39754602313041687
159,0.42344990372657776,0.40835052728652954
160,0.43563368916511536,0.39768385887145996
161,0.4252198338508606,0.3941134810447693
162,0.42431971430778503,0.4057445526123047
163,0.42542245984077454,0.40836262702941895
164,0.4440454840660095,0.4146248698234558
165,0.4311700761318207,0.39340442419052124
166,0.42269766330718994,0.394931823015213
167,0.4225780963897705,0.39646175503730774
168,0.4222288131713867,0.3950248062610626
169,0.42472395300865173,0.39416080713272095
170,0.42247000336647034,0.39415475726127625
171,0.420735627412796,0.39221370220184326
172,0.4217965006828308,0.3941926062107086
173,0.42126739025115967,0.39358341693878174
174,0.422288715839386,0.39214450120925903
175,0.4233453571796417,0.3924809992313385
176,0.42087724804878235,0.3950413465499878
177,0.42051365971565247,0.395208477973938
178,0.4198978841304779,0.39240238070487976
179,0.4212026596069336,0.3921172320842743
180,0.4211805462837219,0.39202773571014404
181,0.42005687952041626,0.3913729786872864
182,0.41949397325515747,0.3906431496143341
183,0.42142343521118164,0.3917744755744934
184,0.4192403554916382,0.392732173204422
185,0.41865769028663635,0.3906782269477844
186,0.41799798607826233,0.3896813988685608
187,0.4194662570953369,0.3905898928642273
188,0.41854870319366455,0.39089375734329224
189,0.4174802303314209,0.3891836702823639
190,0.4176459014415741,0.39273762702941895
191,0.42144471406936646,0.3950367867946625
192,0.42057785391807556,0.3901074528694153
193,0.41769737005233765,0.39001700282096863
194,0.41804641485214233,0.3904019892215729
195,0.4204529821872711,0.39249947667121887
196,0.4170056879520416,0.3930511176586151
197,0.4247777462005615,0.39313584566116333
198,0.4165496230125427,0.38820257782936096
199,0.4176001250743866,0.38996192812919617
200,0.4171897768974304,0.3885022699832916
201,0.4167562425136566,0.3925597667694092
202,0.4154701232910156,0.38993287086486816
203,0.4159711003303528,0.38688036799430847
204,0.41688981652259827,0.3874482214450836
205,0.4147789180278778,0.39329540729522705
206,0.4177187979221344,0.3878479301929474
207,0.4145146310329437,0.39173591136932373
208,0.4178657531738281,0.3917700946331024
209,0.41506993770599365,0.38873568177223206
210,0.41815146803855896,0.40471920371055603
211,0.4199480414390564,0.38898974657058716
212,0.4264655113220215,0.38439038395881653
213,0.41742825508117676,0.3859071433544159
214,0.41525983810424805,0.3982228636741638
215,0.41656768321990967,0.3863958418369293
216,0.4134071171283722,0.3868761956691742
217,0.4151170551776886,0.3865234851837158
218,0.4156439006328583,0.3870173990726471
219,0.4147918224334717,0.3855537176132202
220,0.4183539152145386,0.3926660120487213
221,0.41483238339424133,0.38717249035835266
222,0.41727280616760254,0.38613632321357727
