epoch,loss,val_loss
0,506.9068298339844,490.6871337890625
1,481.5647888183594,463.7542724609375
2,452.76531982421875,432.48712158203125
3,419.063232421875,395.59588623046875
4,380.14117431640625,354.2430114746094
5,337.7779541015625,310.9436950683594
6,295.05865478515625,269.0230407714844
7,254.96482849121094,231.27999877929688
8,219.70999145507812,199.1671905517578
9,190.22544860839844,172.8446807861328
10,166.2336883544922,152.0916748046875
11,147.37342834472656,135.73683166503906
12,132.78794860839844,123.39568328857422
13,121.82135772705078,114.07986450195312
14,113.63701629638672,107.2478256225586
15,107.62660217285156,102.38983154296875
16,103.23753356933594,98.86148071289062
17,99.995361328125,96.33575439453125
18,97.62397766113281,94.45295715332031
19,95.87175750732422,92.98248291015625
20,94.5501937866211,91.94420623779297
21,93.58732604980469,91.10789489746094
22,92.84272766113281,90.53684997558594
23,92.31904602050781,90.05300903320312
24,91.8578872680664,89.64877319335938
25,91.5107421875,89.33120727539062
26,91.24735260009766,89.06248474121094
27,90.98025512695312,88.8241195678711
28,90.77204132080078,88.59146118164062
29,90.6067123413086,88.40291595458984
30,90.44705963134766,88.15632629394531
31,90.30350494384766,88.0329360961914
32,90.16815948486328,87.8674087524414
33,90.06402587890625,87.71296691894531
34,89.93457794189453,87.5751953125
35,89.8171157836914,87.44420623779297
36,89.72270965576172,87.34323120117188
37,89.60826873779297,87.15888214111328
38,89.53257751464844,87.04485321044922
39,89.3998031616211,86.9288101196289
40,89.31937408447266,86.82479858398438
41,89.20613098144531,86.69165802001953
42,89.10469818115234,86.58390045166016
43,89.01875305175781,86.47673034667969
44,88.91596984863281,86.37027740478516
45,88.82958221435547,86.2598876953125
46,88.71493530273438,86.11676025390625
47,88.60758209228516,85.98736572265625
48,88.48831176757812,85.84671020507812
49,88.37734985351562,85.75990295410156
50,88.26620483398438,85.63957214355469
51,88.15177917480469,85.47277069091797
52,88.03955841064453,85.37581634521484
53,87.92501068115234,85.215087890625
54,87.8023452758789,85.1549072265625
55,87.68399810791016,85.04952239990234
56,87.56792449951172,84.91365051269531
57,87.46224975585938,84.78921508789062
58,87.3567886352539,84.66595458984375
59,87.22705841064453,84.57941436767578
60,87.12345886230469,84.45402526855469
61,87.01709747314453,84.32919311523438
62,86.9076919555664,84.16529083251953
63,86.80487823486328,84.07112121582031
64,86.68608856201172,83.97553253173828
65,86.58483123779297,83.8564224243164
66,86.48013305664062,83.75468444824219
67,86.36748504638672,83.61808013916016
68,86.270751953125,83.54364776611328
69,86.18366241455078,83.43119049072266
70,86.08369445800781,83.32907104492188
71,85.98344421386719,83.20915985107422
72,85.88314819335938,83.11085510253906
73,85.80303192138672,83.04862976074219
74,85.72726440429688,82.89301300048828
75,85.62336730957031,82.82675170898438
76,85.54209899902344,82.85441589355469
77,85.43228149414062,82.63973236083984
78,85.39471435546875,82.6279067993164
79,85.30773162841797,82.49842071533203
80,85.21226501464844,82.44186401367188
81,85.14327239990234,82.31441497802734
82,85.06586456298828,82.29313659667969
83,84.98614501953125,82.19548034667969
84,84.91669464111328,82.0979232788086
85,84.84215545654297,82.05160522460938
86,84.77311706542969,81.93378448486328
87,84.69499206542969,81.9029541015625
88,84.63822937011719,81.83195495605469
89,84.5490493774414,81.72113037109375
90,84.50836944580078,81.67576599121094
91,84.41162109375,81.54597473144531
92,84.38941955566406,81.49784088134766
93,84.29114532470703,81.41603088378906
94,84.2138900756836,81.39201354980469
95,84.1348648071289,81.31700897216797
96,84.08872985839844,81.26618957519531
97,84.0133285522461,81.15019989013672
98,83.9309310913086,81.11463165283203
99,83.82575225830078,81.02235412597656
100,83.75235748291016,81.00849914550781
101,83.7049789428711,80.88577270507812
102,83.62857818603516,80.86429595947266
103,83.55657196044922,80.80300903320312
104,83.49054718017578,80.72613525390625
105,83.40396118164062,80.61027526855469
106,83.33500671386719,80.5754165649414
107,83.2575912475586,80.4955825805664
108,83.19218444824219,80.44091796875
109,83.11825561523438,80.30414581298828
110,83.08119201660156,80.28111267089844
111,82.99459075927734,80.27671813964844
112,82.91584014892578,80.19877624511719
113,82.84453582763672,80.14633178710938
114,82.79524993896484,80.05050659179688
115,82.70807647705078,79.96603393554688
116,82.71844482421875,79.83404541015625
117,82.60736846923828,79.9258041381836
118,82.54207611083984,79.70480346679688
119,82.4546890258789,79.64053344726562
120,82.39459991455078,79.59580993652344
121,82.35660552978516,79.54289245605469
122,82.25961303710938,79.54723358154297
123,82.161865234375,79.38867950439453
124,82.11328887939453,79.38998413085938
125,82.04499053955078,79.36901092529297
126,81.98229217529297,79.17387390136719
127,81.89984130859375,79.09436798095703
128,81.84458923339844,79.0275650024414
129,81.75965881347656,79.02533721923828
130,81.66535186767578,78.8974380493164
131,81.60598754882812,78.85017395019531
132,81.5494155883789,78.67534637451172
133,81.4376449584961,78.63693237304688
134,81.36299133300781,78.55830383300781
135,81.3089828491211,78.42105865478516
136,81.22698211669922,78.37261199951172
137,81.17948913574219,78.32207489013672
138,81.08736419677734,78.18231201171875
139,81.0048599243164,78.17253112792969
140,80.93550872802734,78.04492950439453
141,80.86787414550781,77.97232055664062
142,80.82492065429688,77.92900848388672
143,80.70707702636719,77.87350463867188
144,80.63468933105469,77.66681671142578
145,80.57810974121094,77.71965789794922
146,80.5193862915039,77.55989074707031
147,80.45889282226562,77.50492095947266
148,80.3606185913086,77.48551940917969
149,80.2690200805664,77.28665924072266
150,80.24270629882812,77.23394775390625
151,80.16017150878906,77.17733001708984
152,80.06399536132812,77.06797790527344
153,80.0239028930664,76.9971694946289
154,79.9586181640625,76.9503402709961
155,79.88264465332031,76.8731460571289
156,79.81016540527344,76.8005599975586
157,79.79312133789062,76.78489685058594
158,79.697265625,76.74336242675781
159,79.67753601074219,76.55609893798828
160,79.57173919677734,76.6302490234375
161,79.5208969116211,76.46617126464844
162,79.44622802734375,76.4115982055664
163,79.40784454345703,76.39981079101562
164,79.32563781738281,76.27474975585938
165,79.25939178466797,76.18647766113281
166,79.23095703125,76.1480712890625
167,79.17544555664062,76.05320739746094
168,79.1106948852539,75.99829864501953
169,79.04733276367188,76.03438568115234
170,79.00242614746094,75.93315124511719
171,78.93744659423828,75.86116027832031
172,78.87394714355469,75.80488586425781
173,78.83390808105469,75.82275390625
174,78.77625274658203,75.77542877197266
175,78.72923278808594,75.68128204345703
176,78.70240020751953,75.56401062011719
177,78.66504669189453,75.61184692382812
178,78.56642150878906,75.48624420166016
179,78.5112075805664,75.5194091796875
180,78.46983337402344,75.46012115478516
181,78.42344665527344,75.33336639404297
182,78.36515808105469,75.3536148071289
183,78.32917022705078,75.23163604736328
184,78.25875091552734,75.20024108886719
185,78.20823669433594,75.21360778808594
186,78.16775512695312,75.14888000488281
187,78.13827514648438,75.04097747802734
188,78.10768127441406,75.12548828125
189,78.0254135131836,75.07416534423828
